[2022-11-14T20:29:03.793] [WARN] default - Ruta GET en / no implementada
[2022-11-14T20:29:04.652] [WARN] default - Ruta GET en / no implementada
[2022-11-14T20:34:12.476] [ERROR] default - 14/11/2022: Error en el servidor: Error: listen EADDRINUSE: address already in use :::8080
[2022-11-14T20:34:39.432] [ERROR] default - 14/11/2022: Error en el servidor -> Error: listen EADDRINUSE: address already in use :::8080
[2022-11-23T18:58:30.806] [WARN] default - Ruta GET en / no implementada
[2022-11-23T18:58:31.454] [WARN] default - Ruta GET en / no implementada
[2022-11-23T18:58:35.293] [WARN] default - Ruta GET en / no implementada
[2022-11-30T19:10:53.341] [WARN] default - Ruta GET en / no implementada
[2022-11-30T19:11:39.839] [WARN] default - Ruta GET en / no implementada
[2022-11-30T19:11:42.020] [WARN] default - Ruta GET en / no implementada
[2022-11-30T19:11:43.357] [WARN] default - Ruta GET en / no implementada
[2022-11-30T19:11:45.781] [WARN] default - Ruta GET en / no implementada
[2022-11-30T19:12:05.220] [WARN] default - Ruta GET en / no implementada
[2022-11-30T19:12:09.874] [WARN] default - Ruta GET en / no implementada
[2022-11-30T19:12:11.434] [WARN] default - Ruta GET en / no implementada
[2022-11-30T19:12:15.842] [WARN] default - Ruta GET en / no implementada
[2022-11-30T19:14:53.445] [WARN] default - Ruta GET en / no implementada
[2022-11-30T19:14:55.063] [WARN] default - Ruta GET en / no implementada
[2022-11-30T19:16:35.972] [WARN] default - Ruta GET en / no implementada
[2022-11-30T19:16:41.088] [WARN] default - Ruta GET en / no implementada
[2022-11-30T19:16:43.388] [WARN] default - Ruta GET en / no implementada
[2022-11-30T19:16:49.214] [WARN] default - Ruta GET en / no implementada
[2022-11-30T19:17:07.962] [WARN] default - Ruta GET en / no implementada
[2022-11-30T19:17:16.084] [WARN] default - Ruta GET en / no implementada
[2022-11-30T19:17:19.579] [WARN] default - Ruta GET en / no implementada
[2022-11-30T19:17:20.663] [WARN] default - Ruta GET en / no implementada
[2022-11-30T19:19:46.307] [WARN] default - Ruta GET en / no implementada
[2022-11-30T19:20:17.849] [WARN] default - Ruta GET en / no implementada
[2022-11-30T19:20:53.721] [WARN] default - Ruta GET en / no implementada
[2022-11-30T19:21:25.589] [WARN] default - Ruta GET en / no implementada
[2022-11-30T19:21:35.124] [WARN] default - Ruta GET en / no implementada
[2022-11-30T19:21:45.406] [WARN] default - Ruta GET en / no implementada
[2022-11-30T19:21:52.223] [WARN] default - Ruta GET en / no implementada
[2022-11-30T19:22:12.583] [WARN] default - Ruta GET en / no implementada
[2022-11-30T19:22:21.700] [WARN] default - Ruta GET en / no implementada
[2022-11-30T19:22:30.977] [WARN] default - Ruta GET en / no implementada
[2022-11-30T19:23:04.872] [WARN] default - Ruta GET en / no implementada
[2022-11-30T19:23:12.676] [WARN] default - Ruta GET en / no implementada
[2022-11-30T19:23:48.435] [WARN] default - Ruta GET en / no implementada
[2022-11-30T19:24:52.074] [WARN] default - Ruta GET en / no implementada
[2022-11-30T19:25:16.271] [WARN] default - Ruta GET en / no implementada
[2022-11-30T19:25:33.221] [WARN] default - Ruta GET en / no implementada
[2022-11-30T19:37:59.263] [WARN] default - Ruta GET en / no implementada
[2022-11-30T19:38:00.818] [WARN] default - Ruta GET en / no implementada
[2022-11-30T19:38:18.510] [WARN] default - Ruta GET en / no implementada
[2022-11-30T19:45:29.156] [WARN] default - Ruta GET en / no implementada
[2022-11-30T19:45:30.197] [WARN] default - Ruta GET en / no implementada
[2022-11-30T19:45:31.209] [WARN] default - Ruta GET en / no implementada
[2022-11-30T19:45:43.164] [WARN] default - Ruta GET en / no implementada
[2022-11-30T19:46:53.672] [WARN] default - Ruta GET en / no implementada
[2022-11-30T19:47:04.343] [WARN] default - Ruta GET en / no implementada
[2022-11-30T19:47:57.942] [WARN] default - Ruta GET en / no implementada
[2022-11-30T19:48:30.245] [WARN] default - Ruta GET en / no implementada
[2022-11-30T20:18:32.136] [WARN] default - Ruta GET en / no implementada
[2022-11-30T20:22:40.622] [WARN] default - Ruta GET en / no implementada
[2022-11-30T20:24:38.551] [WARN] default - Ruta GET en / no implementada
[2022-11-30T20:24:39.359] [WARN] default - Ruta GET en / no implementada
[2022-11-30T20:24:47.645] [WARN] default - Ruta GET en / no implementada
[2022-11-30T20:25:07.987] [WARN] default - Ruta GET en / no implementada
[2022-11-30T20:27:49.947] [WARN] default - Ruta GET en / no implementada
[2022-11-30T20:27:58.580] [WARN] default - Ruta GET en / no implementada
[2022-11-30T20:28:37.974] [WARN] default - Ruta GET en / no implementada
[2022-11-30T20:28:54.794] [WARN] default - Ruta GET en / no implementada
[2022-11-30T20:29:44.826] [WARN] default - Ruta GET en / no implementada
[2022-11-30T20:30:00.085] [WARN] default - Ruta GET en / no implementada
[2022-12-01T11:51:23.747] [WARN] default - Ruta GET en / no implementada
[2022-12-01T11:51:25.316] [WARN] default - Ruta GET en / no implementada
[2022-12-01T11:51:34.623] [WARN] default - Ruta GET en / no implementada
[2022-12-01T11:52:44.218] [WARN] default - Ruta GET en / no implementada
[2022-12-01T11:53:03.812] [WARN] default - Ruta GET en / no implementada
[2022-12-01T11:57:09.684] [WARN] default - Ruta GET en / no implementada
[2022-12-01T11:57:22.376] [WARN] default - Ruta GET en / no implementada
[2022-12-01T12:00:00.506] [WARN] default - Ruta GET en / no implementada
[2022-12-01T12:00:10.616] [WARN] default - Ruta GET en / no implementada
[2022-12-01T14:20:41.154] [WARN] default - Ruta GET en / no implementada
[2022-12-01T14:20:42.190] [WARN] default - Ruta GET en / no implementada
[2022-12-01T14:20:43.663] [WARN] default - Ruta GET en / no implementada
[2022-12-01T14:20:52.086] [WARN] default - Ruta GET en / no implementada
[2022-12-01T14:22:06.241] [WARN] default - Ruta GET en / no implementada
[2022-12-01T14:22:16.630] [WARN] default - Ruta GET en / no implementada
[2022-12-01T15:04:34.542] [WARN] default - Ruta GET en / no implementada
[2022-12-01T15:18:24.478] [WARN] default - Ruta GET en / no implementada
[2022-12-01T15:18:55.872] [WARN] default - Ruta GET en / no implementada
[2022-12-01T15:19:00.833] [WARN] default - Ruta GET en / no implementada
[2022-12-01T15:20:02.464] [WARN] default - Ruta GET en / no implementada
[2022-12-01T15:20:04.258] [WARN] default - Ruta GET en / no implementada
[2022-12-01T15:23:10.226] [WARN] default - Ruta GET en / no implementada
[2022-12-01T15:23:11.294] [WARN] default - Ruta GET en / no implementada
[2022-12-01T15:28:03.822] [WARN] default - Ruta GET en / no implementada
[2022-12-01T15:28:04.588] [WARN] default - Ruta GET en / no implementada
[2022-12-01T15:29:54.010] [WARN] default - Ruta GET en / no implementada
[2022-12-01T15:29:54.497] [WARN] default - Ruta GET en / no implementada
[2022-12-01T15:31:48.929] [WARN] default - Ruta GET en / no implementada
[2022-12-01T15:31:49.720] [WARN] default - Ruta GET en / no implementada
[2022-12-01T15:34:33.780] [WARN] default - Ruta GET en / no implementada
[2022-12-01T15:34:35.257] [WARN] default - Ruta GET en / no implementada
[2022-12-01T15:35:37.590] [WARN] default - Ruta GET en / no implementada
[2022-12-01T15:35:50.067] [WARN] default - Ruta GET en / no implementada
[2022-12-01T15:44:39.373] [WARN] default - Ruta GET en / no implementada
[2022-12-01T15:44:39.765] [WARN] default - Ruta GET en / no implementada
[2022-12-01T15:45:02.005] [WARN] default - Ruta GET en / no implementada
[2022-12-01T15:45:02.377] [WARN] default - Ruta GET en / no implementada
[2022-12-01T15:45:59.474] [WARN] default - Ruta GET en / no implementada
[2022-12-01T15:45:59.875] [WARN] default - Ruta GET en / no implementada
[2022-12-01T15:46:06.897] [WARN] default - Ruta GET en / no implementada
[2022-12-01T15:46:07.254] [WARN] default - Ruta GET en / no implementada
[2022-12-01T15:46:25.836] [WARN] default - Ruta GET en / no implementada
[2022-12-01T15:46:26.232] [WARN] default - Ruta GET en / no implementada
[2022-12-01T15:47:11.957] [WARN] default - Ruta GET en / no implementada
[2022-12-01T15:47:12.408] [WARN] default - Ruta GET en / no implementada
[2022-12-01T15:50:25.164] [WARN] default - Ruta GET en / no implementada
[2022-12-01T15:50:25.586] [WARN] default - Ruta GET en / no implementada
[2022-12-01T15:50:52.121] [WARN] default - Ruta GET en / no implementada
[2022-12-01T15:50:52.517] [WARN] default - Ruta GET en / no implementada
[2022-12-01T15:52:55.120] [WARN] default - Ruta GET en / no implementada
[2022-12-01T15:52:55.570] [WARN] default - Ruta GET en / no implementada
[2022-12-01T15:52:58.673] [WARN] default - Ruta GET en / no implementada
[2022-12-01T15:53:11.434] [WARN] default - Ruta GET en / no implementada
[2022-12-01T16:02:23.571] [WARN] default - Ruta GET en / no implementada
[2022-12-01T16:02:24.267] [WARN] default - Ruta GET en / no implementada
[2022-12-01T16:04:37.962] [WARN] default - Ruta GET en / no implementada
[2022-12-01T16:04:38.694] [WARN] default - Ruta GET en / no implementada
[2022-12-01T16:06:12.848] [WARN] default - Ruta GET en / no implementada
[2022-12-01T16:06:15.675] [WARN] default - Ruta GET en / no implementada
[2022-12-01T16:06:22.458] [WARN] default - Ruta GET en / no implementada
[2022-12-01T18:17:49.373] [WARN] default - Ruta GET en / no implementada
[2022-12-01T18:47:57.461] [WARN] default - Ruta GET en / no implementada
[2022-12-01T18:48:02.192] [WARN] default - Ruta GET en / no implementada
[2022-12-01T18:50:20.135] [WARN] default - Ruta GET en / no implementada
[2022-12-01T18:50:20.952] [WARN] default - Ruta GET en / no implementada
[2022-12-01T18:51:18.394] [WARN] default - Ruta GET en / no implementada
[2022-12-01T18:51:19.415] [WARN] default - Ruta GET en / no implementada
[2022-12-01T18:51:28.911] [WARN] default - Ruta GET en / no implementada
[2022-12-01T18:53:37.622] [WARN] default - Ruta GET en / no implementada
[2022-12-01T18:54:09.041] [WARN] default - Ruta GET en / no implementada
[2022-12-01T18:54:10.350] [WARN] default - Ruta GET en / no implementada
[2022-12-01T18:55:04.554] [WARN] default - Ruta GET en / no implementada
[2022-12-01T18:55:05.357] [WARN] default - Ruta GET en / no implementada
[2022-12-01T18:55:15.186] [WARN] default - Ruta GET en / no implementada
[2022-12-01T18:56:56.034] [WARN] default - Ruta GET en / no implementada
[2022-12-01T18:57:16.854] [WARN] default - Ruta GET en / no implementada
[2022-12-01T18:59:33.180] [WARN] default - Ruta GET en / no implementada
[2022-12-01T19:00:52.275] [WARN] default - Ruta GET en / no implementada
[2022-12-01T19:01:37.931] [WARN] default - Ruta GET en / no implementada
[2022-12-01T19:01:47.106] [WARN] default - Ruta GET en / no implementada
[2022-12-01T19:07:33.842] [WARN] default - Ruta GET en / no implementada
[2022-12-01T19:07:37.404] [WARN] default - Ruta GET en / no implementada
[2022-12-01T19:08:23.496] [WARN] default - Ruta GET en / no implementada
[2022-12-01T19:10:11.646] [WARN] default - Ruta GET en / no implementada
[2022-12-01T19:18:52.139] [WARN] default - Ruta GET en / no implementada
[2022-12-01T19:20:55.763] [WARN] default - Ruta GET en / no implementada
[2022-12-01T19:21:00.255] [WARN] default - Ruta GET en / no implementada
[2022-12-01T20:09:55.852] [WARN] default - Ruta GET en / no implementada
[2022-12-01T20:09:58.472] [WARN] default - Ruta GET en / no implementada
[2022-12-01T20:09:58.726] [WARN] default - Ruta GET en / no implementada
[2022-12-01T20:11:03.735] [WARN] default - Ruta GET en / no implementada
[2022-12-01T20:11:03.993] [WARN] default - Ruta GET en / no implementada
[2022-12-01T20:11:33.829] [WARN] default - Ruta GET en / no implementada
[2022-12-01T20:11:34.106] [WARN] default - Ruta GET en / no implementada
[2022-12-01T20:12:19.724] [WARN] default - Ruta GET en / no implementada
[2022-12-01T20:12:19.984] [WARN] default - Ruta GET en / no implementada
[2022-12-01T20:12:25.153] [WARN] default - Ruta GET en / no implementada
[2022-12-01T20:12:28.373] [WARN] default - Ruta GET en / no implementada
[2022-12-01T20:12:28.617] [WARN] default - Ruta GET en / no implementada
[2022-12-01T20:13:38.134] [WARN] default - Ruta GET en / no implementada
[2022-12-01T20:13:38.377] [WARN] default - Ruta GET en / no implementada
[2022-12-01T20:14:12.575] [WARN] default - Ruta GET en / no implementada
[2022-12-01T20:14:13.353] [WARN] default - Ruta GET en / no implementada
[2022-12-01T20:14:31.972] [WARN] default - Ruta GET en / no implementada
[2022-12-01T20:14:32.746] [WARN] default - Ruta GET en / no implementada
[2022-12-01T20:17:35.417] [WARN] default - Ruta GET en / no implementada
[2022-12-01T20:17:36.020] [WARN] default - Ruta GET en / no implementada
[2022-12-01T20:19:17.267] [WARN] default - Ruta GET en / no implementada
[2022-12-01T20:19:18.084] [WARN] default - Ruta GET en / no implementada
[2022-12-01T20:19:29.303] [WARN] default - Ruta GET en / no implementada
[2022-12-01T20:19:35.412] [WARN] default - Ruta GET en / no implementada
[2022-12-01T20:19:35.644] [WARN] default - Ruta GET en / no implementada
[2022-12-01T20:20:08.829] [WARN] default - Ruta GET en / no implementada
[2022-12-01T20:20:11.116] [WARN] default - Ruta GET en / no implementada
[2022-12-01T20:20:19.015] [WARN] default - Ruta GET en / no implementada
[2022-12-01T20:20:37.768] [WARN] default - Ruta GET en / no implementada
[2022-12-01T20:20:44.623] [WARN] default - Ruta GET en / no implementada
[2022-12-01T20:20:44.879] [WARN] default - Ruta GET en / no implementada
[2022-12-01T20:21:37.854] [WARN] default - Ruta GET en / no implementada
[2022-12-01T20:21:38.667] [WARN] default - Ruta GET en / no implementada
[2022-12-01T20:21:49.896] [WARN] default - Ruta GET en / no implementada
[2022-12-01T20:23:01.583] [WARN] default - Ruta GET en / no implementada
[2022-12-01T20:23:09.861] [WARN] default - Ruta GET en / no implementada
[2022-12-01T20:23:13.146] [WARN] default - Ruta GET en / no implementada
[2022-12-01T20:23:13.401] [WARN] default - Ruta GET en / no implementada
[2022-12-01T20:23:43.467] [WARN] default - Ruta GET en / no implementada
[2022-12-01T20:23:43.754] [WARN] default - Ruta GET en / no implementada
[2022-12-01T20:24:46.852] [WARN] default - Ruta GET en / no implementada
[2022-12-01T20:24:47.449] [WARN] default - Ruta GET en / no implementada
[2022-12-01T20:24:56.855] [WARN] default - Ruta GET en / no implementada
[2022-12-01T20:24:57.722] [WARN] default - Ruta GET en / no implementada
[2022-12-01T20:25:05.598] [WARN] default - Ruta GET en / no implementada
[2022-12-01T20:25:17.760] [WARN] default - Ruta GET en / no implementada
[2022-12-01T20:27:02.206] [WARN] default - Ruta GET en / no implementada
[2022-12-01T20:27:45.011] [WARN] default - Ruta GET en / no implementada
[2022-12-01T20:27:59.615] [WARN] default - Ruta GET en / no implementada
[2022-12-01T20:29:22.903] [WARN] default - Ruta GET en / no implementada
[2022-12-01T20:29:32.567] [WARN] default - Ruta GET en / no implementada
[2022-12-01T20:29:42.109] [WARN] default - Ruta GET en / no implementada
[2022-12-01T20:30:19.069] [WARN] default - Ruta GET en / no implementada
[2022-12-01T20:49:21.494] [WARN] default - Ruta GET en / no implementada
[2022-12-01T20:49:22.316] [WARN] default - Ruta GET en / no implementada
[2022-12-01T20:49:37.202] [WARN] default - Ruta GET en / no implementada
[2022-12-01T20:55:45.759] [WARN] default - Ruta GET en / no implementada
[2022-12-01T20:55:49.433] [WARN] default - Ruta GET en / no implementada
[2022-12-01T20:56:45.822] [WARN] default - Ruta GET en / no implementada
[2022-12-01T20:57:19.072] [WARN] default - Ruta GET en / no implementada
[2022-12-01T20:57:30.998] [WARN] default - Ruta GET en / no implementada
[2022-12-01T20:58:38.251] [WARN] default - Ruta GET en / no implementada
[2022-12-01T20:58:46.744] [WARN] default - Ruta GET en / no implementada
[2022-12-01T21:14:11.412] [WARN] default - Ruta GET en / no implementada
[2022-12-01T21:14:46.223] [WARN] default - Ruta GET en / no implementada
[2022-12-01T21:14:56.304] [WARN] default - Ruta GET en / no implementada
[2022-12-01T21:14:58.024] [WARN] default - Ruta GET en / no implementada
[2022-12-01T21:14:59.143] [WARN] default - Ruta GET en / no implementada
[2022-12-01T21:17:23.513] [WARN] default - Ruta GET en / no implementada
[2022-12-01T21:17:32.263] [WARN] default - Ruta GET en / no implementada
[2022-12-01T23:21:19.716] [WARN] default - Ruta GET en / no implementada
[2022-12-01T23:42:16.734] [WARN] default - Ruta GET en / no implementada
[2022-12-01T23:42:52.252] [WARN] default - Ruta GET en / no implementada
[2022-12-01T23:43:00.394] [WARN] default - Ruta GET en / no implementada
[2022-12-01T23:45:03.263] [WARN] default - Ruta GET en / no implementada
[2022-12-01T23:45:13.204] [WARN] default - Ruta GET en / no implementada
[2022-12-01T23:47:22.950] [WARN] default - Ruta GET en / no implementada
[2022-12-01T23:47:33.085] [WARN] default - Ruta GET en / no implementada
[2022-12-01T23:47:58.615] [WARN] default - Ruta GET en / no implementada
[2022-12-01T23:48:06.070] [WARN] default - Ruta GET en / no implementada
[2022-12-03T19:20:32.738] [WARN] default - Ruta GET en / no implementada
[2022-12-03T19:20:33.251] [WARN] default - Ruta GET en / no implementada
[2022-12-03T19:20:46.887] [WARN] default - Ruta GET en / no implementada
[2022-12-03T19:27:04.956] [WARN] default - Ruta GET en / no implementada
[2022-12-03T19:27:58.396] [WARN] default - Ruta GET en / no implementada
[2022-12-03T19:29:20.904] [WARN] default - Ruta GET en / no implementada
[2022-12-03T19:29:38.012] [WARN] default - Ruta GET en / no implementada
[2022-12-03T19:30:04.035] [WARN] default - Ruta GET en / no implementada
[2022-12-03T19:50:46.247] [WARN] default - Ruta GET en / no implementada
[2022-12-03T19:50:47.885] [WARN] default - Ruta GET en / no implementada
[2022-12-03T19:50:50.545] [WARN] default - Ruta GET en / no implementada
[2022-12-03T19:50:59.255] [WARN] default - Ruta GET en / no implementada
[2022-12-03T19:51:01.677] [WARN] default - Ruta GET en / no implementada
[2022-12-03T19:51:04.731] [WARN] default - Ruta GET en / no implementada
[2022-12-03T19:57:42.043] [WARN] default - Ruta GET en / no implementada
[2022-12-03T19:58:00.207] [WARN] default - Ruta GET en / no implementada
[2022-12-03T20:01:39.138] [WARN] default - Ruta GET en / no implementada
[2022-12-03T20:01:39.874] [WARN] default - Ruta GET en / no implementada
[2022-12-03T20:01:40.117] [WARN] default - Ruta GET en / no implementada
[2022-12-03T20:01:46.467] [WARN] default - Ruta GET en / no implementada
[2022-12-03T20:01:46.851] [WARN] default - Ruta GET en / no implementada
[2022-12-03T20:01:51.755] [WARN] default - Ruta GET en / no implementada
[2022-12-03T20:02:38.890] [WARN] default - Ruta GET en / no implementada
[2022-12-03T20:02:41.373] [WARN] default - Ruta GET en / no implementada
[2022-12-03T20:02:48.318] [WARN] default - Ruta GET en / no implementada
[2022-12-03T20:02:48.560] [WARN] default - Ruta GET en / no implementada
[2022-12-03T20:02:51.616] [WARN] default - Ruta GET en / no implementada
[2022-12-03T20:02:54.730] [WARN] default - Ruta GET en / no implementada
[2022-12-03T20:02:54.960] [WARN] default - Ruta GET en / no implementada
[2022-12-03T20:03:42.366] [WARN] default - Ruta GET en / no implementada
[2022-12-03T20:03:45.837] [WARN] default - Ruta GET en / no implementada
[2022-12-03T20:04:13.405] [WARN] default - Ruta GET en / no implementada
[2022-12-03T20:04:45.362] [WARN] default - Ruta GET en / no implementada
[2022-12-03T20:04:48.167] [WARN] default - Ruta GET en / no implementada
[2022-12-03T20:04:49.669] [WARN] default - Ruta GET en / no implementada
[2022-12-03T20:04:49.930] [WARN] default - Ruta GET en / no implementada
[2022-12-03T20:07:11.803] [WARN] default - Ruta GET en / no implementada
[2022-12-03T20:10:12.403] [WARN] default - Ruta GET en / no implementada
[2022-12-03T20:13:27.231] [WARN] default - Ruta GET en / no implementada
[2022-12-03T20:13:28.060] [WARN] default - Ruta GET en / no implementada
[2022-12-03T20:14:44.405] [WARN] default - Ruta GET en / no implementada
[2022-12-03T20:15:37.679] [WARN] default - Ruta GET en / no implementada
[2022-12-03T20:15:39.164] [WARN] default - Ruta GET en / no implementada
[2022-12-03T20:16:30.778] [WARN] default - Ruta GET en / no implementada
[2022-12-03T20:16:38.556] [WARN] default - Ruta GET en / no implementada
[2022-12-03T20:16:40.248] [WARN] default - Ruta GET en / no implementada
[2022-12-03T20:16:54.617] [WARN] default - Ruta GET en / no implementada
[2022-12-03T20:17:07.575] [WARN] default - Ruta GET en / no implementada
[2022-12-03T20:17:18.953] [WARN] default - Ruta GET en / no implementada
[2022-12-03T20:17:26.629] [WARN] default - Ruta GET en / no implementada
[2022-12-03T20:18:10.619] [WARN] default - Ruta GET en / no implementada
[2022-12-03T20:26:34.001] [WARN] default - Ruta GET en / no implementada
[2022-12-03T20:26:45.588] [WARN] default - Ruta GET en / no implementada
[2022-12-03T20:27:17.594] [WARN] default - Ruta GET en / no implementada
[2022-12-03T20:29:26.129] [WARN] default - Ruta GET en / no implementada
[2022-12-03T20:29:33.285] [WARN] default - Ruta GET en / no implementada
[2022-12-03T20:31:41.944] [WARN] default - Ruta GET en / no implementada
[2022-12-03T20:45:31.163] [WARN] default - Ruta GET en / no implementada
[2022-12-03T20:45:32.296] [WARN] default - Ruta GET en / no implementada
[2022-12-03T20:45:40.025] [WARN] default - Ruta GET en / no implementada
[2022-12-03T20:50:07.709] [WARN] default - Ruta GET en / no implementada
[2022-12-03T20:50:59.952] [WARN] default - Ruta GET en / no implementada
[2022-12-03T20:51:03.785] [WARN] default - Ruta GET en / no implementada
[2022-12-03T20:51:11.770] [WARN] default - Ruta GET en / no implementada
[2022-12-03T20:51:15.700] [WARN] default - Ruta GET en / no implementada
[2022-12-03T20:51:20.146] [WARN] default - Ruta GET en / no implementada
[2022-12-03T20:53:22.465] [WARN] default - Ruta GET en / no implementada
[2022-12-03T20:54:33.793] [WARN] default - Ruta GET en / no implementada
[2022-12-03T20:54:43.835] [WARN] default - Ruta GET en / no implementada
[2022-12-03T20:54:45.223] [WARN] default - Ruta GET en / no implementada
[2022-12-03T20:54:47.132] [WARN] default - Ruta GET en / no implementada
[2022-12-03T20:54:49.830] [WARN] default - Ruta GET en / no implementada
[2022-12-03T20:56:39.619] [WARN] default - Ruta GET en / no implementada
[2022-12-03T21:49:23.410] [WARN] default - Ruta GET en / no implementada
[2022-12-03T21:49:31.720] [WARN] default - Ruta GET en / no implementada
[2022-12-03T22:02:21.545] [WARN] default - Ruta GET en / no implementada
[2022-12-03T22:02:26.905] [WARN] default - Ruta GET en / no implementada
[2022-12-03T22:03:39.097] [WARN] default - Ruta GET en / no implementada
[2022-12-03T22:05:11.995] [WARN] default - Ruta GET en / no implementada
[2022-12-03T22:05:19.332] [WARN] default - Ruta GET en / no implementada
[2022-12-03T22:08:11.963] [WARN] default - Ruta GET en / no implementada
[2022-12-03T22:08:58.916] [WARN] default - Ruta GET en / no implementada
[2022-12-03T22:09:04.263] [WARN] default - Ruta GET en / no implementada
[2022-12-03T22:14:08.179] [WARN] default - Ruta GET en / no implementada
[2022-12-03T22:24:21.526] [WARN] default - Ruta GET en / no implementada
[2022-12-12T16:32:14.354] [WARN] default - Ruta GET en / no implementada
[2022-12-12T16:33:26.532] [WARN] default - Ruta GET en / no implementada
[2022-12-12T16:33:27.081] [WARN] default - Ruta GET en / no implementada
[2022-12-12T16:33:29.299] [WARN] default - Ruta GET en / no implementada
[2022-12-12T16:34:02.737] [WARN] default - Ruta GET en / no implementada
[2022-12-12T16:34:05.959] [ERROR] default - Error: Ha ocurrido un problema al obtener los productos
    at getProducts (file:///F:/Facultad/Cursos/Desarrollo%20Web%20Full%20Stack%20-%20CoderHouse/cursoBackend/PreEntregas/3raPreentrega/src/services/inicial.service.js:24:15)
    at getLoginInfo (file:///F:/Facultad/Cursos/Desarrollo%20Web%20Full%20Stack%20-%20CoderHouse/cursoBackend/PreEntregas/3raPreentrega/src/controllers/initial.controllers.js:14:32)
    at process.processTicksAndRejections (node:internal/process/task_queues:95:5)
[2022-12-12T16:44:30.923] [WARN] default - Ruta GET en / no implementada
[2022-12-12T16:46:01.950] [WARN] default - Ruta GET en / no implementada
[2022-12-12T16:46:08.440] [WARN] default - Ruta GET en / no implementada
[2022-12-12T16:46:12.393] [WARN] default - Ruta GET en / no implementada
[2022-12-12T16:52:06.454] [ERROR] default - ReferenceError: res is not defined
    at loginPage (file:///F:/Facultad/Cursos/Desarrollo%20Web%20Full%20Stack%20-%20CoderHouse/cursoBackend/PreEntregas/3raPreentrega/src/controllers/initial.controllers.js:25:9)
    at Layer.handle [as handle_request] (F:\Facultad\Cursos\Desarrollo Web Full Stack - CoderHouse\cursoBackend\PreEntregas\3raPreentrega\node_modules\express\lib\router\layer.js:95:5)
    at next (F:\Facultad\Cursos\Desarrollo Web Full Stack - CoderHouse\cursoBackend\PreEntregas\3raPreentrega\node_modules\express\lib\router\route.js:144:13)
    at Route.dispatch (F:\Facultad\Cursos\Desarrollo Web Full Stack - CoderHouse\cursoBackend\PreEntregas\3raPreentrega\node_modules\express\lib\router\route.js:114:3)
    at Layer.handle [as handle_request] (F:\Facultad\Cursos\Desarrollo Web Full Stack - CoderHouse\cursoBackend\PreEntregas\3raPreentrega\node_modules\express\lib\router\layer.js:95:5)
    at F:\Facultad\Cursos\Desarrollo Web Full Stack - CoderHouse\cursoBackend\PreEntregas\3raPreentrega\node_modules\express\lib\router\index.js:284:15
    at Function.process_params (F:\Facultad\Cursos\Desarrollo Web Full Stack - CoderHouse\cursoBackend\PreEntregas\3raPreentrega\node_modules\express\lib\router\index.js:346:12)
    at next (F:\Facultad\Cursos\Desarrollo Web Full Stack - CoderHouse\cursoBackend\PreEntregas\3raPreentrega\node_modules\express\lib\router\index.js:280:10)
    at strategy.pass (F:\Facultad\Cursos\Desarrollo Web Full Stack - CoderHouse\cursoBackend\PreEntregas\3raPreentrega\node_modules\passport\lib\middleware\authenticate.js:346:9)
    at SessionStrategy.authenticate (F:\Facultad\Cursos\Desarrollo Web Full Stack - CoderHouse\cursoBackend\PreEntregas\3raPreentrega\node_modules\passport\lib\strategies\session.js:75:10)
[2022-12-12T16:52:35.195] [WARN] default - Ruta GET en / no implementada
[2022-12-12T16:58:44.390] [WARN] default - Ruta GET en / no implementada
[2022-12-12T16:58:46.955] [WARN] default - Ruta GET en / no implementada
[2022-12-12T16:58:49.773] [WARN] default - Ruta GET en / no implementada
[2022-12-12T16:59:35.729] [WARN] default - Ruta GET en / no implementada
[2022-12-12T16:59:39.129] [WARN] default - Ruta GET en / no implementada
[2022-12-12T16:59:48.267] [WARN] default - Ruta GET en / no implementada
[2022-12-12T18:45:51.058] [WARN] default - Ruta GET en / no implementada
[2022-12-12T18:50:01.822] [WARN] default - Ruta GET en / no implementada
[2022-12-12T18:51:13.632] [WARN] default - Ruta GET en / no implementada
[2022-12-12T18:54:33.397] [WARN] default - Ruta GET en / no implementada
[2022-12-12T19:02:32.930] [WARN] default - Ruta GET en / no implementada
[2022-12-12T19:06:16.817] [WARN] default - Ruta GET en / no implementada
[2022-12-12T19:07:19.623] [WARN] default - Ruta GET en / no implementada
[2022-12-12T19:37:56.114] [WARN] default - Ruta GET en / no implementada
[2022-12-12T19:38:00.523] [WARN] default - Ruta GET en / no implementada
[2022-12-12T19:38:54.760] [WARN] default - Ruta GET en / no implementada
[2022-12-12T19:41:57.056] [WARN] default - Ruta GET en / no implementada
[2022-12-12T19:42:29.903] [WARN] default - Ruta GET en / no implementada
[2022-12-12T19:43:22.183] [WARN] default - Ruta GET en / no implementada
[2022-12-12T19:46:04.713] [WARN] default - Ruta GET en / no implementada
[2022-12-12T19:48:09.554] [WARN] default - Ruta GET en / no implementada
[2022-12-12T19:48:31.922] [WARN] default - Ruta GET en / no implementada
[2022-12-12T19:48:58.054] [WARN] default - Ruta GET en / no implementada
[2022-12-12T19:49:57.393] [WARN] default - Ruta GET en / no implementada
[2022-12-12T19:50:13.919] [WARN] default - Ruta GET en / no implementada
[2022-12-12T19:50:25.667] [WARN] default - Ruta GET en / no implementada
[2022-12-12T19:51:14.305] [WARN] default - Ruta GET en / no implementada
[2022-12-12T19:52:30.169] [WARN] default - Ruta GET en / no implementada
[2022-12-12T19:54:20.626] [WARN] default - Ruta GET en / no implementada
[2022-12-12T19:55:33.329] [WARN] default - Ruta GET en / no implementada
[2022-12-12T19:56:16.904] [WARN] default - Ruta GET en / no implementada
[2022-12-12T19:57:57.154] [WARN] default - Ruta GET en / no implementada
[2022-12-12T19:59:25.334] [WARN] default - Ruta GET en / no implementada
[2022-12-12T20:01:37.617] [WARN] default - Ruta GET en / no implementada
[2022-12-12T20:02:41.615] [WARN] default - Ruta GET en / no implementada
[2022-12-12T20:03:34.896] [WARN] default - Ruta GET en / no implementada
[2022-12-12T20:05:09.787] [WARN] default - Ruta GET en / no implementada
[2022-12-12T20:05:47.744] [WARN] default - Ruta GET en / no implementada
[2022-12-12T20:06:03.710] [WARN] default - Ruta GET en / no implementada
[2022-12-12T20:06:34.634] [WARN] default - Ruta GET en / no implementada
[2022-12-12T20:07:13.214] [WARN] default - Ruta GET en / no implementada
[2022-12-12T20:07:30.680] [WARN] default - Ruta GET en / no implementada
[2022-12-12T20:07:32.901] [WARN] default - Ruta GET en / no implementada
[2022-12-12T20:07:49.204] [WARN] default - Ruta GET en / no implementada
[2022-12-12T20:08:34.115] [WARN] default - Ruta GET en / no implementada
[2022-12-12T20:13:42.864] [WARN] default - Ruta GET en / no implementada
[2022-12-12T20:24:49.873] [WARN] default - Ruta GET en / no implementada
[2022-12-12T20:27:06.434] [WARN] default - Ruta GET en / no implementada
[2022-12-12T20:27:15.708] [WARN] default - Ruta GET en / no implementada
[2022-12-12T20:27:19.895] [WARN] default - Ruta GET en / no implementada
[2022-12-12T20:27:22.836] [WARN] default - Ruta GET en / no implementada
[2022-12-12T20:27:37.434] [ERROR] default - ReferenceError: hashPassGenerator is not defined
    at registerCredentials (file:///F:/Facultad/Cursos/Desarrollo%20Web%20Full%20Stack%20-%20CoderHouse/cursoBackend/15-EntregaCapas/src/controllers/initial.controllers.js:62:19)
    at Layer.handle [as handle_request] (F:\Facultad\Cursos\Desarrollo Web Full Stack - CoderHouse\cursoBackend\15-EntregaCapas\node_modules\express\lib\router\layer.js:95:5)
    at next (F:\Facultad\Cursos\Desarrollo Web Full Stack - CoderHouse\cursoBackend\15-EntregaCapas\node_modules\express\lib\router\route.js:144:13)
    at Route.dispatch (F:\Facultad\Cursos\Desarrollo Web Full Stack - CoderHouse\cursoBackend\15-EntregaCapas\node_modules\express\lib\router\route.js:114:3)
    at Layer.handle [as handle_request] (F:\Facultad\Cursos\Desarrollo Web Full Stack - CoderHouse\cursoBackend\15-EntregaCapas\node_modules\express\lib\router\layer.js:95:5)
    at F:\Facultad\Cursos\Desarrollo Web Full Stack - CoderHouse\cursoBackend\15-EntregaCapas\node_modules\express\lib\router\index.js:284:15
    at Function.process_params (F:\Facultad\Cursos\Desarrollo Web Full Stack - CoderHouse\cursoBackend\15-EntregaCapas\node_modules\express\lib\router\index.js:346:12)
    at next (F:\Facultad\Cursos\Desarrollo Web Full Stack - CoderHouse\cursoBackend\15-EntregaCapas\node_modules\express\lib\router\index.js:280:10)
    at strategy.pass (F:\Facultad\Cursos\Desarrollo Web Full Stack - CoderHouse\cursoBackend\15-EntregaCapas\node_modules\passport\lib\middleware\authenticate.js:346:9)
    at SessionStrategy.authenticate (F:\Facultad\Cursos\Desarrollo Web Full Stack - CoderHouse\cursoBackend\15-EntregaCapas\node_modules\passport\lib\strategies\session.js:75:10)
[2022-12-12T20:27:37.805] [WARN] default - Ruta GET en / no implementada
[2022-12-12T20:28:30.731] [WARN] default - Ruta GET en / no implementada
[2022-12-12T20:33:17.139] [WARN] default - Ruta GET en / no implementada
[2022-12-12T20:33:27.598] [WARN] default - Ruta GET en / no implementada
[2022-12-12T20:33:29.565] [WARN] default - Ruta GET en / no implementada
[2022-12-12T20:33:31.349] [WARN] default - Ruta GET en / no implementada
[2022-12-12T20:33:42.436] [WARN] default - Ruta GET en / no implementada
[2022-12-12T20:33:56.558] [WARN] default - Ruta GET en / no implementada
[2022-12-12T20:34:07.592] [WARN] default - Ruta GET en / no implementada
[2022-12-12T20:34:10.472] [WARN] default - Ruta GET en / no implementada
[2022-12-12T20:45:29.210] [WARN] default - Ruta GET en / no implementada
[2022-12-12T20:45:31.899] [WARN] default - Ruta GET en / no implementada
[2022-12-12T20:45:36.064] [WARN] default - Ruta GET en / no implementada
[2022-12-12T20:46:38.222] [WARN] default - Ruta GET en / no implementada
[2022-12-12T20:50:01.632] [WARN] default - Ruta GET en / no implementada
[2022-12-12T21:43:11.010] [WARN] default - Ruta GET en / no implementada
[2022-12-13T20:24:38.088] [WARN] default - Ruta GET en / no implementada
[2022-12-13T20:24:54.867] [WARN] default - Ruta GET en / no implementada
[2022-12-13T20:25:01.614] [WARN] default - Ruta GET en / no implementada
[2022-12-13T20:25:07.309] [WARN] default - Ruta GET en / no implementada
[2022-12-13T20:28:24.632] [WARN] default - Ruta GET en / no implementada
[2022-12-13T20:28:31.198] [WARN] default - Ruta GET en / no implementada
[2022-12-13T20:28:31.582] [WARN] default - Ruta GET en / no implementada
[2022-12-13T20:35:05.718] [WARN] default - Ruta GET en / no implementada
[2022-12-13T20:36:04.357] [WARN] default - Ruta GET en / no implementada
[2022-12-13T20:40:12.727] [WARN] default - Ruta GET en / no implementada
[2022-12-13T20:46:44.185] [WARN] default - Ruta GET en / no implementada
[2022-12-13T20:50:59.220] [WARN] default - Ruta GET en / no implementada
[2022-12-13T20:52:47.259] [WARN] default - Ruta GET en / no implementada
[2022-12-13T20:53:12.369] [WARN] default - Ruta GET en / no implementada
[2022-12-13T20:53:33.752] [WARN] default - Ruta GET en / no implementada
[2022-12-13T21:26:26.585] [WARN] default - Ruta GET en / no implementada
[2022-12-13T21:27:15.027] [WARN] default - Ruta GET en / no implementada
[2022-12-13T21:28:26.797] [WARN] default - Ruta GET en / no implementada
[2022-12-13T21:35:29.627] [WARN] default - Ruta GET en / no implementada
[2022-12-13T21:36:49.054] [WARN] default - Ruta GET en / no implementada
[2022-12-13T21:37:00.835] [WARN] default - Ruta GET en / no implementada
[2022-12-13T21:37:31.358] [WARN] default - Ruta GET en / no implementada
[2022-12-13T21:42:35.673] [WARN] default - Ruta GET en / no implementada
[2022-12-13T21:44:20.475] [WARN] default - Ruta GET en / no implementada
[2022-12-13T21:44:36.744] [WARN] default - Ruta GET en / no implementada
[2022-12-13T21:44:57.926] [WARN] default - Ruta GET en / no implementada
[2022-12-13T21:45:07.094] [WARN] default - Ruta GET en / no implementada
[2022-12-13T21:45:24.471] [WARN] default - Ruta GET en / no implementada
[2022-12-20T17:29:29.482] [WARN] default - Ruta GET en / no implementada
[2022-12-20T17:29:40.707] [WARN] default - Ruta GET en / no implementada
[2022-12-20T17:30:26.905] [WARN] default - Ruta GET en / no implementada
[2022-12-20T17:33:35.579] [WARN] default - Ruta GET en / no implementada
[2022-12-20T17:33:37.362] [WARN] default - Ruta GET en / no implementada
[2022-12-20T17:33:38.423] [WARN] default - Ruta GET en / no implementada
[2022-12-20T17:33:39.162] [WARN] default - Ruta GET en / no implementada
[2023-01-03T18:23:15.188] [WARN] default - Ruta GET en / no implementada
[2023-01-03T18:26:54.877] [WARN] default - Ruta GET en / no implementada
[2023-01-03T18:27:20.258] [WARN] default - Hubo un inconveniente al definir la cantidad de tiros random
[2023-01-03T18:27:20.708] [WARN] default - Ruta GET en / no implementada
[2023-01-03T18:27:22.380] [WARN] default - Hubo un inconveniente al definir la cantidad de tiros random
[2023-01-03T18:28:11.494] [WARN] default - Hubo un inconveniente al definir la cantidad de tiros random
[2023-01-03T18:28:12.542] [WARN] default - Ruta GET en / no implementada
[2023-01-03T18:30:21.557] [WARN] default - Ruta GET en / no implementada
[2023-01-03T18:30:24.322] [WARN] default - Hubo un inconveniente al definir la cantidad de tiros random
[2023-01-03T18:30:24.755] [WARN] default - Ruta GET en / no implementada
[2023-01-03T18:30:25.919] [WARN] default - Hubo un inconveniente al definir la cantidad de tiros random
[2023-01-04T17:57:36.775] [WARN] default - Ruta GET en / no implementada
[2023-01-04T17:57:47.580] [WARN] default - Ruta GET en / no implementada
[2023-01-04T17:59:22.167] [WARN] default - Ruta GET en / no implementada
[2023-01-04T17:59:23.413] [WARN] default - Ruta GET en / no implementada
[2023-01-04T18:12:58.075] [WARN] default - Ruta GET en / no implementada
[2023-01-04T18:12:59.197] [WARN] default - Ruta GET en / no implementada
[2023-01-04T18:14:35.279] [WARN] default - Ruta GET en / no implementada
[2023-01-04T18:14:36.126] [WARN] default - Ruta GET en / no implementada
[2023-01-04T18:14:48.993] [ERROR] default - Error: Ha ocurrido un problema al obtener el usuario especificado
    at getUserById (file:///F:/Facultad/Cursos/Desarrollo%20Web%20Full%20Stack%20-%20CoderHouse/cursoBackend/16-EntregaDAODTO/src/services/inicial.service.js:40:15)
    at async registerCredentials (file:///F:/Facultad/Cursos/Desarrollo%20Web%20Full%20Stack%20-%20CoderHouse/cursoBackend/16-EntregaDAODTO/src/controllers/initial.controllers.js:130:24)
[2023-01-04T18:14:49.360] [WARN] default - Ruta GET en / no implementada
[2023-01-04T18:16:46.556] [WARN] default - Ruta GET en / no implementada
[2023-01-04T18:16:51.441] [WARN] default - Ruta GET en / no implementada
[2023-01-04T18:32:19.009] [WARN] default - Ruta GET en / no implementada
[2023-01-04T18:32:19.521] [WARN] default - Ruta GET en / no implementada
[2023-01-04T18:33:32.784] [WARN] default - Ruta GET en / no implementada
[2023-01-05T22:29:35.098] [WARN] default - Ruta GET en / no implementada
[2023-01-05T22:29:35.925] [WARN] default - Ruta GET en / no implementada
[2023-01-05T22:29:53.940] [WARN] default - Ruta GET en / no implementada
[2023-01-05T22:31:04.414] [WARN] default - Ruta GET en / no implementada
